Arguments: 
  C:\Program Files\nodejs\node.exe C:\Program Files\nodejs\node_modules\yarn\bin\yarn.js

PATH: 
  C:\Users\I347305\Documents\Github.sap\api\node_modules\.bin;C:\Program Files\SapMachine\JDK\11\bin;C:\Windows\system32;C:\Windows;C:\Windows\System32\Wbem;C:\Windows\System32\WindowsPowerShell\v1.0\;C:\Windows\System32\OpenSSH\;C:\Program Files\dotnet\;C:\Users\I347305\AppData\Roaming\nvm;C:\Program Files\nodejs;C:\Program Files\Git\cmd;C:\Users\I347305\AppData\Local\Microsoft\WindowsApps;C:\Program Files\JetBrains\JetBrains Rider 2021.2.1\bin;C:\Users\I347305\.dotnet\tools;C:\Users\I347305\AppData\Local\GitHubDesktop\bin

Yarn version: 
  1.22.15

Node version: 
  16.10.0

Platform: 
  win32 x64

Trace: 
  SyntaxError: C:\Users\I347305\Documents\Github.sap\api\package.json: Unexpected token } in JSON at position 131
      at JSON.parse (<anonymous>)
      at C:\Users\I347305\AppData\Roaming\nvm\v16.10.0\node_modules\yarn\lib\cli.js:1625:59
      at Generator.next (<anonymous>)
      at step (C:\Users\I347305\AppData\Roaming\nvm\v16.10.0\node_modules\yarn\lib\cli.js:310:30)
      at C:\Users\I347305\AppData\Roaming\nvm\v16.10.0\node_modules\yarn\lib\cli.js:321:13

npm manifest: 
  {
    "name": "account-subscribtions-api",
    "version": "1.0.0",
    "dependencies": {
      "@redocly/openapi-cli": "^1.0.0-beta.69",
    },
    "devDependencies": {
      "gh-pages" : "latest"
    },
    "private": true,
    "scripts": {
      "start": "openapi preview-docs main",
      "build": "openapi bundle -o dist",
      "test": "openapi lint",
  
      "deploy": "gh-pages -d dist -t true" 
  
    }
  }

yarn manifest: 
  No manifest

Lockfile: 
  No lockfile
